  main.cpp
C:\Program Files (x86)\Windows Kits\10\Include\10.0.22000.0\shared\minwindef.h(130,1): warning C4005: "APIENTRY": ponowna definicja makra
D:\Projekt z grafiki\GrafikaProjekt\dependencies\glfw-3.3.8.bin.WIN32\include\GLFW\glfw3.h(123,1): message : zobacz poprzednią definicję „APIENTRY”
D:\Projekt z grafiki\GrafikaProjekt\GrafikaProjekt\src\objload.h(156,50): warning C4267: "argument": konwersja z "size_t" do "_Ty", możliwa utrata danych
          with
          [
              _Ty=unsigned int
          ]
D:\Projekt z grafiki\GrafikaProjekt\GrafikaProjekt\src\objload.h(163,42): warning C4267: "argument": konwersja z "size_t" do "_Ty", możliwa utrata danych
          with
          [
              _Ty=unsigned int
          ]
D:\Projekt z grafiki\GrafikaProjekt\GrafikaProjekt\src\objload.h(179,51): warning C4267: "argument": konwersja z "size_t" do "_Ty", możliwa utrata danych
          with
          [
              _Ty=unsigned int
          ]
D:\Projekt z grafiki\GrafikaProjekt\GrafikaProjekt\src\objload.h(185,47): warning C4267: "argument": konwersja z "size_t" do "_Ty", możliwa utrata danych
          with
          [
              _Ty=unsigned int
          ]
D:\Projekt z grafiki\GrafikaProjekt\GrafikaProjekt\src\objload.h(189,39): warning C4267: "argument": konwersja z "size_t" do "_Ty", możliwa utrata danych
          with
          [
              _Ty=unsigned int
          ]
D:\Projekt z grafiki\GrafikaProjekt\GrafikaProjekt\src\objload.h(227,55): warning C4244: "inicjowanie": konwersja z "__int64" do "unsigned short", możliwa utrata danych
D:\Projekt z grafiki\GrafikaProjekt\GrafikaProjekt\src\objload.h(227,40): warning C4244: "inicjowanie": konwersja z "__int64" do "const unsigned short", możliwa utrata danych
D:\Projekt z grafiki\GrafikaProjekt\GrafikaProjekt\src\project.hpp(92,10): warning C4305: "inicjowanie": obcięcie z "double" do "float"
D:\Projekt z grafiki\GrafikaProjekt\GrafikaProjekt\src\project.hpp(143,13): warning C4244: "inicjowanie": konwersja z "double" do "float", możliwa utrata danych
D:\Projekt z grafiki\GrafikaProjekt\GrafikaProjekt\src\project.hpp(269,24): error C2664: „GLuint Core::Shader_Loader::CreateProgram(char *,char *)”: nie można dokonać konwersji argumentu 1 z „const char [20]” do „char *”
D:\Projekt z grafiki\GrafikaProjekt\GrafikaProjekt\src\project.hpp(269,39): message : Konwersja z literału ciągu znaków powoduje utratę kwalifikatora const (patrz: /Zc:strictStrings)
D:\Projekt z grafiki\GrafikaProjekt\GrafikaProjekt\src\Shader_Loader.h(23,10): message : zobacz deklarację „Core::Shader_Loader::CreateProgram”
D:\Projekt z grafiki\GrafikaProjekt\GrafikaProjekt\src\project.hpp(269,24): message : podczas próby dopasowania listy argumentów "(const char [20], const char [20])"
D:\Projekt z grafiki\GrafikaProjekt\GrafikaProjekt\src\project.hpp(270,27): error C2664: „GLuint Core::Shader_Loader::CreateProgram(char *,char *)”: nie można dokonać konwersji argumentu 1 z „const char [24]” do „char *”
D:\Projekt z grafiki\GrafikaProjekt\GrafikaProjekt\src\project.hpp(270,42): message : Konwersja z literału ciągu znaków powoduje utratę kwalifikatora const (patrz: /Zc:strictStrings)
D:\Projekt z grafiki\GrafikaProjekt\GrafikaProjekt\src\Shader_Loader.h(23,10): message : zobacz deklarację „Core::Shader_Loader::CreateProgram”
D:\Projekt z grafiki\GrafikaProjekt\GrafikaProjekt\src\project.hpp(270,27): message : podczas próby dopasowania listy argumentów "(const char [24], const char [24])"
D:\Projekt z grafiki\GrafikaProjekt\GrafikaProjekt\src\project.hpp(271,29): error C2664: „GLuint Core::Shader_Loader::CreateProgram(char *,char *)”: nie można dokonać konwersji argumentu 1 z „const char [24]” do „char *”
D:\Projekt z grafiki\GrafikaProjekt\GrafikaProjekt\src\project.hpp(271,44): message : Konwersja z literału ciągu znaków powoduje utratę kwalifikatora const (patrz: /Zc:strictStrings)
D:\Projekt z grafiki\GrafikaProjekt\GrafikaProjekt\src\Shader_Loader.h(23,10): message : zobacz deklarację „Core::Shader_Loader::CreateProgram”
D:\Projekt z grafiki\GrafikaProjekt\GrafikaProjekt\src\project.hpp(271,29): message : podczas próby dopasowania listy argumentów "(const char [24], const char [24])"
D:\Projekt z grafiki\GrafikaProjekt\GrafikaProjekt\src\project.hpp(272,31): error C2664: „GLuint Core::Shader_Loader::CreateProgram(char *,char *)”: nie można dokonać konwersji argumentu 1 z „const char [24]” do „char *”
D:\Projekt z grafiki\GrafikaProjekt\GrafikaProjekt\src\project.hpp(272,46): message : Konwersja z literału ciągu znaków powoduje utratę kwalifikatora const (patrz: /Zc:strictStrings)
D:\Projekt z grafiki\GrafikaProjekt\GrafikaProjekt\src\Shader_Loader.h(23,10): message : zobacz deklarację „Core::Shader_Loader::CreateProgram”
D:\Projekt z grafiki\GrafikaProjekt\GrafikaProjekt\src\project.hpp(272,31): message : podczas próby dopasowania listy argumentów "(const char [24], const char [24])"
  Shader_Loader.cpp
D:\Projekt z grafiki\GrafikaProjekt\GrafikaProjekt\src\Shader_Loader.cpp(39,42): warning C4267: "inicjowanie": konwersja z "size_t" do "int", możliwa utrata danych
D:\Projekt z grafiki\GrafikaProjekt\GrafikaProjekt\src\Shader_Loader.cpp(39,29): warning C4267: "inicjowanie": konwersja z "size_t" do "const int", możliwa utrata danych
D:\Projekt z grafiki\GrafikaProjekt\GrafikaProjekt\src\Shader_Loader.cpp(68,25): error C2664: „GLuint Core::Shader_Loader::CreateShader(GLenum,std::string,char *)”: nie można dokonać konwersji argumentu 3 z „const char [14]” do „char *”
D:\Projekt z grafiki\GrafikaProjekt\GrafikaProjekt\src\Shader_Loader.cpp(68,76): message : Konwersja z literału ciągu znaków powoduje utratę kwalifikatora const (patrz: /Zc:strictStrings)
D:\Projekt z grafiki\GrafikaProjekt\GrafikaProjekt\src\Shader_Loader.cpp(31,23): message : zobacz deklarację „Core::Shader_Loader::CreateShader”
D:\Projekt z grafiki\GrafikaProjekt\GrafikaProjekt\src\Shader_Loader.cpp(68,25): message : podczas próby dopasowania listy argumentów "(int, std::string, const char [14])"
D:\Projekt z grafiki\GrafikaProjekt\GrafikaProjekt\src\Shader_Loader.cpp(69,27): error C2664: „GLuint Core::Shader_Loader::CreateShader(GLenum,std::string,char *)”: nie można dokonać konwersji argumentu 3 z „const char [16]” do „char *”
D:\Projekt z grafiki\GrafikaProjekt\GrafikaProjekt\src\Shader_Loader.cpp(69,82): message : Konwersja z literału ciągu znaków powoduje utratę kwalifikatora const (patrz: /Zc:strictStrings)
D:\Projekt z grafiki\GrafikaProjekt\GrafikaProjekt\src\Shader_Loader.cpp(31,23): message : zobacz deklarację „Core::Shader_Loader::CreateShader”
D:\Projekt z grafiki\GrafikaProjekt\GrafikaProjekt\src\Shader_Loader.cpp(69,27): message : podczas próby dopasowania listy argumentów "(int, std::string, const char [16])"
  Generowanie kodu...
